{
  "RSpec": {
    "coverage": {
      "/Users/Thomas/makersacademy/Borisbikes2/lib/bike_container.rb": [
        1,
        null,
        1,
        null,
        1,
        0,
        null,
        null,
        null,
        1,
        0,
        null,
        null,
        null,
        1,
        173,
        null,
        null,
        null,
        1,
        152,
        null,
        null,
        1,
        4,
        null,
        null,
        1,
        152,
        149,
        146,
        null,
        null,
        1,
        8,
        5,
        null,
        null,
        1,
        14,
        null,
        null,
        1,
        4,
        null,
        null,
        1,
        3,
        3,
        null,
        null,
        1,
        20,
        null,
        null
      ],
      "/Users/Thomas/makersacademy/Borisbikes2/lib/bike.rb": [
        1,
        null,
        1,
        3,
        null,
        null,
        1,
        3,
        null,
        null,
        1,
        2,
        2,
        null,
        null,
        1,
        4,
        4,
        null,
        null,
        null
      ],
      "/Users/Thomas/makersacademy/Borisbikes2/lib/docking_station.rb": [
        1,
        null,
        1,
        null,
        1,
        null,
        1,
        13,
        13,
        null,
        null,
        1,
        null,
        null
      ],
      "/Users/Thomas/makersacademy/Borisbikes2/lib/garage.rb": [
        1,
        null,
        1,
        null,
        1,
        null,
        1,
        14,
        14,
        null,
        null,
        1,
        null,
        1,
        2,
        null,
        null,
        null
      ],
      "/Users/Thomas/makersacademy/Borisbikes2/lib/user.rb": [
        1,
        null,
        1,
        6,
        6,
        6,
        null,
        null,
        1,
        null,
        1,
        5,
        4,
        3,
        2,
        null,
        null,
        1,
        4,
        null,
        null,
        1,
        1,
        1,
        null,
        null,
        null
      ],
      "/Users/Thomas/makersacademy/Borisbikes2/lib/van.rb": [
        1,
        null,
        1,
        null,
        1,
        null,
        1,
        17,
        17,
        null,
        null,
        1,
        null,
        1,
        2,
        null,
        null,
        1,
        2,
        null,
        null,
        1,
        2,
        null,
        null,
        1,
        2,
        null,
        null,
        1,
        2,
        1,
        null,
        null,
        null,
        1,
        2,
        null,
        null,
        null
      ]
    },
    "timestamp": 1411123513
  }
}
